<?xml version="1.0" encoding="UTF-8"?>
<!-- Generated by org.testng.reporters.JUnitReportReporter -->
<testsuite hostname="DESKTOP-7TMCI99" failures="0" tests="1" name="com.internetBanking.testCases.TC_LoginTest_001" time="1.222" errors="0" timestamp="2024-04-06T04:37:56 IST" skipped="0">
  <testcase classname="com.internetBanking.testCases.TC_LoginTest_001" name="loginTest" time="1.222"/>
</testsuite> <!-- com.internetBanking.testCases.TC_LoginTest_001 -->
