<?xml version="1.0" encoding="UTF-8"?>
<!-- Generated by org.testng.reporters.JUnitReportReporter -->
<testsuite hostname="DESKTOP-7TMCI99" failures="0" tests="1" name="com.internetBanking.testCases.TC_AddCustomerTest_003" time="14.887" errors="0" timestamp="2024-04-06T04:32:08 IST" skipped="0">
  <testcase classname="com.internetBanking.testCases.TC_AddCustomerTest_003" name="AddNewCustomer" time="14.887"/>
</testsuite> <!-- com.internetBanking.testCases.TC_AddCustomerTest_003 -->
