<?xml version="1.0" encoding="UTF-8"?>
<!-- Generated by org.testng.reporters.JUnitReportReporter -->
<testsuite hostname="DESKTOP-7TMCI99" failures="0" tests="1" name="com.internetBanking.testCases.TC_LoginTest_001" time="0.966" errors="0" timestamp="2024-04-06T09:24:23 IST" skipped="0">
  <testcase classname="com.internetBanking.testCases.TC_LoginTest_001" name="loginTest" time="0.966"/>
</testsuite> <!-- com.internetBanking.testCases.TC_LoginTest_001 -->
